[1.387s] DEBUG:colcon:Command line arguments: ['/usr/bin/colcon', 'build', '--packages-select', 'uwb_publisher']
[1.387s] DEBUG:colcon:Parsed command line arguments: Namespace(log_base=None, log_level=None, verb_name='build', build_base='build', install_base='install', merge_install=False, symlink_install=False, test_result_base=None, continue_on_error=False, executor='parallel', parallel_workers=8, event_handlers=None, ignore_user_meta=False, metas=['./colcon.meta'], base_paths=['.'], packages_ignore=None, packages_ignore_regex=None, paths=None, packages_up_to=None, packages_up_to_regex=None, packages_above=None, packages_above_and_dependencies=None, packages_above_depth=None, packages_select_by_dep=None, packages_skip_by_dep=None, packages_skip_up_to=None, packages_select_build_failed=False, packages_skip_build_finished=False, packages_select_test_failures=False, packages_skip_test_passed=False, packages_select=['uwb_publisher'], packages_skip=None, packages_select_regex=None, packages_skip_regex=None, packages_start=None, packages_end=None, allow_overriding=[], cmake_args=None, cmake_target=None, cmake_target_skip_unavailable=False, cmake_clean_cache=False, cmake_clean_first=False, cmake_force_configure=False, ament_cmake_args=None, catkin_cmake_args=None, catkin_skip_building_tests=False, verb_parser=<colcon_defaults.argument_parser.defaults.DefaultArgumentsDecorator object at 0x7f0801ed0b20>, verb_extension=<colcon_core.verb.build.BuildVerb object at 0x7f0801ed2170>, main=<bound method BuildVerb.main of <colcon_core.verb.build.BuildVerb object at 0x7f0801ed2170>>)
[1.448s] Level 1:colcon.colcon_core.package_discovery:discover_packages(colcon_meta) check parameters
[1.448s] Level 1:colcon.colcon_core.package_discovery:discover_packages(recursive) check parameters
[1.448s] Level 1:colcon.colcon_core.package_discovery:discover_packages(ignore) check parameters
[1.448s] Level 1:colcon.colcon_core.package_discovery:discover_packages(path) check parameters
[1.448s] Level 1:colcon.colcon_core.package_discovery:discover_packages(colcon_meta) discover
[1.448s] Level 1:colcon.colcon_core.package_discovery:discover_packages(recursive) discover
[1.448s] INFO:colcon.colcon_core.package_discovery:Crawling recursively for packages in '/home/husnu/projects/uwb_publisher/uwb_publisher'
[1.448s] Level 1:colcon.colcon_core.package_identification:_identify(.) by extensions ['ignore', 'ignore_ament_install']
[1.448s] Level 1:colcon.colcon_core.package_identification:_identify(.) by extension 'ignore'
[1.448s] Level 1:colcon.colcon_core.package_identification:_identify(.) by extension 'ignore_ament_install'
[1.448s] Level 1:colcon.colcon_core.package_identification:_identify(.) by extensions ['colcon_pkg']
[1.448s] Level 1:colcon.colcon_core.package_identification:_identify(.) by extension 'colcon_pkg'
[1.448s] Level 1:colcon.colcon_core.package_identification:_identify(.) by extensions ['colcon_meta']
[1.448s] Level 1:colcon.colcon_core.package_identification:_identify(.) by extension 'colcon_meta'
[1.449s] Level 1:colcon.colcon_core.package_identification:_identify(.) by extensions ['ros']
[1.449s] Level 1:colcon.colcon_core.package_identification:_identify(.) by extension 'ros'
[1.465s] DEBUG:colcon.colcon_core.package_identification:Package '.' with type 'ros.ament_cmake' and name 'uwb_publisher'
[1.465s] Level 1:colcon.colcon_core.package_discovery:discover_packages(recursive) using defaults
[1.465s] Level 1:colcon.colcon_core.package_discovery:discover_packages(ignore) discover
[1.465s] Level 1:colcon.colcon_core.package_discovery:discover_packages(ignore) using defaults
[1.465s] Level 1:colcon.colcon_core.package_discovery:discover_packages(path) discover
[1.465s] Level 1:colcon.colcon_core.package_discovery:discover_packages(path) using defaults
[1.581s] Level 1:colcon.colcon_core.package_discovery:discover_packages(prefix_path) check parameters
[1.581s] Level 1:colcon.colcon_core.package_discovery:discover_packages(prefix_path) discover
[1.620s] DEBUG:colcon.colcon_installed_package_information.package_discovery:Found 270 installed packages in /opt/ros/humble
[1.622s] Level 1:colcon.colcon_core.package_discovery:discover_packages(prefix_path) using defaults
[1.756s] Level 5:colcon.colcon_core.verb:set package 'uwb_publisher' build argument 'cmake_args' from command line to 'None'
[1.756s] Level 5:colcon.colcon_core.verb:set package 'uwb_publisher' build argument 'cmake_target' from command line to 'None'
[1.756s] Level 5:colcon.colcon_core.verb:set package 'uwb_publisher' build argument 'cmake_target_skip_unavailable' from command line to 'False'
[1.756s] Level 5:colcon.colcon_core.verb:set package 'uwb_publisher' build argument 'cmake_clean_cache' from command line to 'False'
[1.756s] Level 5:colcon.colcon_core.verb:set package 'uwb_publisher' build argument 'cmake_clean_first' from command line to 'False'
[1.756s] Level 5:colcon.colcon_core.verb:set package 'uwb_publisher' build argument 'cmake_force_configure' from command line to 'False'
[1.756s] Level 5:colcon.colcon_core.verb:set package 'uwb_publisher' build argument 'ament_cmake_args' from command line to 'None'
[1.756s] Level 5:colcon.colcon_core.verb:set package 'uwb_publisher' build argument 'catkin_cmake_args' from command line to 'None'
[1.756s] Level 5:colcon.colcon_core.verb:set package 'uwb_publisher' build argument 'catkin_skip_building_tests' from command line to 'False'
[1.756s] DEBUG:colcon.colcon_core.verb:Building package 'uwb_publisher' with the following arguments: {'ament_cmake_args': None, 'build_base': '/home/husnu/projects/uwb_publisher/uwb_publisher/build/uwb_publisher', 'catkin_cmake_args': None, 'catkin_skip_building_tests': False, 'cmake_args': None, 'cmake_clean_cache': False, 'cmake_clean_first': False, 'cmake_force_configure': False, 'cmake_target': None, 'cmake_target_skip_unavailable': False, 'install_base': '/home/husnu/projects/uwb_publisher/uwb_publisher/install/uwb_publisher', 'merge_install': False, 'path': '/home/husnu/projects/uwb_publisher/uwb_publisher', 'symlink_install': False, 'test_result_base': None}
[1.775s] INFO:colcon.colcon_core.executor:Executing jobs using 'parallel' executor
[1.794s] DEBUG:colcon.colcon_parallel_executor.executor.parallel:run_until_complete
[1.794s] INFO:colcon.colcon_ros.task.ament_cmake.build:Building ROS package in '/home/husnu/projects/uwb_publisher/uwb_publisher' with build type 'ament_cmake'
[1.795s] INFO:colcon.colcon_cmake.task.cmake.build:Building CMake package in '/home/husnu/projects/uwb_publisher/uwb_publisher'
[1.816s] INFO:colcon.colcon_core.plugin_system:Skipping extension 'colcon_core.shell.bat': Not used on non-Windows systems
[1.816s] INFO:colcon.colcon_core.shell:Skip shell extension 'powershell' for command environment: Not usable outside of PowerShell
[1.816s] DEBUG:colcon.colcon_core.shell:Skip shell extension 'dsv' for command environment
[1.864s] DEBUG:colcon.colcon_core.event_handler.log_command:Invoking command in '/home/husnu/projects/uwb_publisher/uwb_publisher/build/uwb_publisher': CMAKE_PREFIX_PATH=/opt/ros/humble /usr/bin/cmake /home/husnu/projects/uwb_publisher/uwb_publisher -DCMAKE_INSTALL_PREFIX=/home/husnu/projects/uwb_publisher/uwb_publisher/install/uwb_publisher
[3.389s] DEBUG:colcon.colcon_core.event_handler.log_command:Invoked command in '/home/husnu/projects/uwb_publisher/uwb_publisher/build/uwb_publisher' returned '0': CMAKE_PREFIX_PATH=/opt/ros/humble /usr/bin/cmake /home/husnu/projects/uwb_publisher/uwb_publisher -DCMAKE_INSTALL_PREFIX=/home/husnu/projects/uwb_publisher/uwb_publisher/install/uwb_publisher
[3.391s] DEBUG:colcon.colcon_core.event_handler.log_command:Invoking command in '/home/husnu/projects/uwb_publisher/uwb_publisher/build/uwb_publisher': CMAKE_PREFIX_PATH=/opt/ros/humble /usr/bin/cmake --build /home/husnu/projects/uwb_publisher/uwb_publisher/build/uwb_publisher -- -j8 -l8
[10.841s] DEBUG:colcon.colcon_core.event_handler.log_command:Invoked command in '/home/husnu/projects/uwb_publisher/uwb_publisher/build/uwb_publisher' returned '0': CMAKE_PREFIX_PATH=/opt/ros/humble /usr/bin/cmake --build /home/husnu/projects/uwb_publisher/uwb_publisher/build/uwb_publisher -- -j8 -l8
[10.881s] DEBUG:colcon.colcon_core.event_handler.log_command:Invoking command in '/home/husnu/projects/uwb_publisher/uwb_publisher/build/uwb_publisher': CMAKE_PREFIX_PATH=/opt/ros/humble /usr/bin/cmake --install /home/husnu/projects/uwb_publisher/uwb_publisher/build/uwb_publisher
[10.896s] Level 1:colcon.colcon_core.environment:create_environment_scripts_only(uwb_publisher)
[10.897s] DEBUG:colcon.colcon_core.event_handler.log_command:Invoked command in '/home/husnu/projects/uwb_publisher/uwb_publisher/build/uwb_publisher' returned '0': CMAKE_PREFIX_PATH=/opt/ros/humble /usr/bin/cmake --install /home/husnu/projects/uwb_publisher/uwb_publisher/build/uwb_publisher
[10.918s] Level 1:colcon.colcon_core.environment:checking '/home/husnu/projects/uwb_publisher/uwb_publisher/install/uwb_publisher' for CMake module files
[10.919s] Level 1:colcon.colcon_core.environment:checking '/home/husnu/projects/uwb_publisher/uwb_publisher/install/uwb_publisher' for CMake config files
[10.920s] Level 1:colcon.colcon_core.shell:create_environment_hook('uwb_publisher', 'cmake_prefix_path')
[10.940s] INFO:colcon.colcon_core.shell:Creating environment hook '/home/husnu/projects/uwb_publisher/uwb_publisher/install/uwb_publisher/share/uwb_publisher/hook/cmake_prefix_path.ps1'
[10.946s] INFO:colcon.colcon_core.shell:Creating environment descriptor '/home/husnu/projects/uwb_publisher/uwb_publisher/install/uwb_publisher/share/uwb_publisher/hook/cmake_prefix_path.dsv'
[10.947s] INFO:colcon.colcon_core.shell:Creating environment hook '/home/husnu/projects/uwb_publisher/uwb_publisher/install/uwb_publisher/share/uwb_publisher/hook/cmake_prefix_path.sh'
[10.948s] Level 1:colcon.colcon_core.environment:checking '/home/husnu/projects/uwb_publisher/uwb_publisher/install/uwb_publisher/lib'
[10.948s] Level 1:colcon.colcon_core.environment:checking '/home/husnu/projects/uwb_publisher/uwb_publisher/install/uwb_publisher/bin'
[10.948s] Level 1:colcon.colcon_core.environment:checking '/home/husnu/projects/uwb_publisher/uwb_publisher/install/uwb_publisher/lib/pkgconfig/uwb_publisher.pc'
[10.948s] Level 1:colcon.colcon_core.environment:checking '/home/husnu/projects/uwb_publisher/uwb_publisher/install/uwb_publisher/lib/python3.10/site-packages'
[10.948s] Level 1:colcon.colcon_core.environment:checking '/home/husnu/projects/uwb_publisher/uwb_publisher/install/uwb_publisher/bin'
[10.968s] INFO:colcon.colcon_core.shell:Creating package script '/home/husnu/projects/uwb_publisher/uwb_publisher/install/uwb_publisher/share/uwb_publisher/package.ps1'
[10.969s] INFO:colcon.colcon_core.shell:Creating package descriptor '/home/husnu/projects/uwb_publisher/uwb_publisher/install/uwb_publisher/share/uwb_publisher/package.dsv'
[10.969s] INFO:colcon.colcon_core.shell:Creating package script '/home/husnu/projects/uwb_publisher/uwb_publisher/install/uwb_publisher/share/uwb_publisher/package.sh'
[10.970s] INFO:colcon.colcon_core.shell:Creating package script '/home/husnu/projects/uwb_publisher/uwb_publisher/install/uwb_publisher/share/uwb_publisher/package.bash'
[10.971s] INFO:colcon.colcon_core.shell:Creating package script '/home/husnu/projects/uwb_publisher/uwb_publisher/install/uwb_publisher/share/uwb_publisher/package.zsh'
[10.971s] Level 1:colcon.colcon_core.environment:create_file_with_runtime_dependencies(/home/husnu/projects/uwb_publisher/uwb_publisher/install/uwb_publisher/share/colcon-core/packages/uwb_publisher)
[11.021s] Level 1:colcon.colcon_core.environment:create_environment_scripts_only(uwb_publisher)
[11.040s] Level 1:colcon.colcon_core.environment:checking '/home/husnu/projects/uwb_publisher/uwb_publisher/install/uwb_publisher' for CMake module files
[11.040s] Level 1:colcon.colcon_core.environment:checking '/home/husnu/projects/uwb_publisher/uwb_publisher/install/uwb_publisher' for CMake config files
[11.040s] Level 1:colcon.colcon_core.shell:create_environment_hook('uwb_publisher', 'cmake_prefix_path')
[11.059s] INFO:colcon.colcon_core.shell:Creating environment hook '/home/husnu/projects/uwb_publisher/uwb_publisher/install/uwb_publisher/share/uwb_publisher/hook/cmake_prefix_path.ps1'
[11.060s] INFO:colcon.colcon_core.shell:Creating environment descriptor '/home/husnu/projects/uwb_publisher/uwb_publisher/install/uwb_publisher/share/uwb_publisher/hook/cmake_prefix_path.dsv'
[11.061s] INFO:colcon.colcon_core.shell:Creating environment hook '/home/husnu/projects/uwb_publisher/uwb_publisher/install/uwb_publisher/share/uwb_publisher/hook/cmake_prefix_path.sh'
[11.061s] Level 1:colcon.colcon_core.environment:checking '/home/husnu/projects/uwb_publisher/uwb_publisher/install/uwb_publisher/lib'
[11.061s] Level 1:colcon.colcon_core.environment:checking '/home/husnu/projects/uwb_publisher/uwb_publisher/install/uwb_publisher/bin'
[11.061s] Level 1:colcon.colcon_core.environment:checking '/home/husnu/projects/uwb_publisher/uwb_publisher/install/uwb_publisher/lib/pkgconfig/uwb_publisher.pc'
[11.062s] Level 1:colcon.colcon_core.environment:checking '/home/husnu/projects/uwb_publisher/uwb_publisher/install/uwb_publisher/lib/python3.10/site-packages'
[11.062s] Level 1:colcon.colcon_core.environment:checking '/home/husnu/projects/uwb_publisher/uwb_publisher/install/uwb_publisher/bin'
[11.082s] INFO:colcon.colcon_core.shell:Creating package script '/home/husnu/projects/uwb_publisher/uwb_publisher/install/uwb_publisher/share/uwb_publisher/package.ps1'
[11.082s] INFO:colcon.colcon_core.shell:Creating package descriptor '/home/husnu/projects/uwb_publisher/uwb_publisher/install/uwb_publisher/share/uwb_publisher/package.dsv'
[11.083s] INFO:colcon.colcon_core.shell:Creating package script '/home/husnu/projects/uwb_publisher/uwb_publisher/install/uwb_publisher/share/uwb_publisher/package.sh'
[11.083s] INFO:colcon.colcon_core.shell:Creating package script '/home/husnu/projects/uwb_publisher/uwb_publisher/install/uwb_publisher/share/uwb_publisher/package.bash'
[11.083s] INFO:colcon.colcon_core.shell:Creating package script '/home/husnu/projects/uwb_publisher/uwb_publisher/install/uwb_publisher/share/uwb_publisher/package.zsh'
[11.084s] Level 1:colcon.colcon_core.environment:create_file_with_runtime_dependencies(/home/husnu/projects/uwb_publisher/uwb_publisher/install/uwb_publisher/share/colcon-core/packages/uwb_publisher)
[11.084s] DEBUG:colcon.colcon_parallel_executor.executor.parallel:closing loop
[11.085s] DEBUG:colcon.colcon_parallel_executor.executor.parallel:loop closed
[11.085s] DEBUG:colcon.colcon_parallel_executor.executor.parallel:run_until_complete finished with '0'
[11.085s] DEBUG:colcon.colcon_core.event_reactor:joining thread
[11.111s] INFO:colcon.colcon_core.plugin_system:Skipping extension 'colcon_notification.desktop_notification.terminal_notifier': Not used on non-Darwin systems
[11.111s] INFO:colcon.colcon_core.plugin_system:Skipping extension 'colcon_notification.desktop_notification.win32': Not used on non-Windows systems
[11.111s] INFO:colcon.colcon_notification.desktop_notification:Sending desktop notification using 'notify2'
[11.137s] DEBUG:colcon.colcon_core.event_reactor:joined thread
[11.159s] INFO:colcon.colcon_core.shell:Creating prefix script '/home/husnu/projects/uwb_publisher/uwb_publisher/install/local_setup.ps1'
[11.160s] INFO:colcon.colcon_core.shell:Creating prefix util module '/home/husnu/projects/uwb_publisher/uwb_publisher/install/_local_setup_util_ps1.py'
[11.162s] INFO:colcon.colcon_core.shell:Creating prefix chain script '/home/husnu/projects/uwb_publisher/uwb_publisher/install/setup.ps1'
[11.182s] INFO:colcon.colcon_core.shell:Creating prefix script '/home/husnu/projects/uwb_publisher/uwb_publisher/install/local_setup.sh'
[11.183s] INFO:colcon.colcon_core.shell:Creating prefix util module '/home/husnu/projects/uwb_publisher/uwb_publisher/install/_local_setup_util_sh.py'
[11.183s] INFO:colcon.colcon_core.shell:Creating prefix chain script '/home/husnu/projects/uwb_publisher/uwb_publisher/install/setup.sh'
[11.204s] INFO:colcon.colcon_core.shell:Creating prefix script '/home/husnu/projects/uwb_publisher/uwb_publisher/install/local_setup.bash'
[11.205s] INFO:colcon.colcon_core.shell:Creating prefix chain script '/home/husnu/projects/uwb_publisher/uwb_publisher/install/setup.bash'
[11.225s] INFO:colcon.colcon_core.shell:Creating prefix script '/home/husnu/projects/uwb_publisher/uwb_publisher/install/local_setup.zsh'
[11.226s] INFO:colcon.colcon_core.shell:Creating prefix chain script '/home/husnu/projects/uwb_publisher/uwb_publisher/install/setup.zsh'
