[1.376s] DEBUG:colcon:Command line arguments: ['/usr/bin/colcon', 'build', '--packages-select', 'uwb_publisher']
[1.376s] DEBUG:colcon:Parsed command line arguments: Namespace(log_base=None, log_level=None, verb_name='build', build_base='build', install_base='install', merge_install=False, symlink_install=False, test_result_base=None, continue_on_error=False, executor='parallel', parallel_workers=8, event_handlers=None, ignore_user_meta=False, metas=['./colcon.meta'], base_paths=['.'], packages_ignore=None, packages_ignore_regex=None, paths=None, packages_up_to=None, packages_up_to_regex=None, packages_above=None, packages_above_and_dependencies=None, packages_above_depth=None, packages_select_by_dep=None, packages_skip_by_dep=None, packages_skip_up_to=None, packages_select_build_failed=False, packages_skip_build_finished=False, packages_select_test_failures=False, packages_skip_test_passed=False, packages_select=['uwb_publisher'], packages_skip=None, packages_select_regex=None, packages_skip_regex=None, packages_start=None, packages_end=None, allow_overriding=[], cmake_args=None, cmake_target=None, cmake_target_skip_unavailable=False, cmake_clean_cache=False, cmake_clean_first=False, cmake_force_configure=False, ament_cmake_args=None, catkin_cmake_args=None, catkin_skip_building_tests=False, verb_parser=<colcon_defaults.argument_parser.defaults.DefaultArgumentsDecorator object at 0x7f0db6fd1420>, verb_extension=<colcon_core.verb.build.BuildVerb object at 0x7f0db6fd23e0>, main=<bound method BuildVerb.main of <colcon_core.verb.build.BuildVerb object at 0x7f0db6fd23e0>>)
[1.440s] Level 1:colcon.colcon_core.package_discovery:discover_packages(colcon_meta) check parameters
[1.440s] Level 1:colcon.colcon_core.package_discovery:discover_packages(recursive) check parameters
[1.440s] Level 1:colcon.colcon_core.package_discovery:discover_packages(ignore) check parameters
[1.440s] Level 1:colcon.colcon_core.package_discovery:discover_packages(path) check parameters
[1.440s] Level 1:colcon.colcon_core.package_discovery:discover_packages(colcon_meta) discover
[1.440s] Level 1:colcon.colcon_core.package_discovery:discover_packages(recursive) discover
[1.440s] INFO:colcon.colcon_core.package_discovery:Crawling recursively for packages in '/home/husnu/projects/uwb_publisher/uwb_publisher'
[1.440s] Level 1:colcon.colcon_core.package_identification:_identify(.) by extensions ['ignore', 'ignore_ament_install']
[1.440s] Level 1:colcon.colcon_core.package_identification:_identify(.) by extension 'ignore'
[1.440s] Level 1:colcon.colcon_core.package_identification:_identify(.) by extension 'ignore_ament_install'
[1.440s] Level 1:colcon.colcon_core.package_identification:_identify(.) by extensions ['colcon_pkg']
[1.440s] Level 1:colcon.colcon_core.package_identification:_identify(.) by extension 'colcon_pkg'
[1.440s] Level 1:colcon.colcon_core.package_identification:_identify(.) by extensions ['colcon_meta']
[1.441s] Level 1:colcon.colcon_core.package_identification:_identify(.) by extension 'colcon_meta'
[1.441s] Level 1:colcon.colcon_core.package_identification:_identify(.) by extensions ['ros']
[1.441s] Level 1:colcon.colcon_core.package_identification:_identify(.) by extension 'ros'
[1.455s] DEBUG:colcon.colcon_core.package_identification:Package '.' with type 'ros.ament_cmake' and name 'uwb_publisher'
[1.455s] Level 1:colcon.colcon_core.package_discovery:discover_packages(recursive) using defaults
[1.456s] Level 1:colcon.colcon_core.package_discovery:discover_packages(ignore) discover
[1.456s] Level 1:colcon.colcon_core.package_discovery:discover_packages(ignore) using defaults
[1.456s] Level 1:colcon.colcon_core.package_discovery:discover_packages(path) discover
[1.456s] Level 1:colcon.colcon_core.package_discovery:discover_packages(path) using defaults
[1.572s] Level 1:colcon.colcon_core.package_discovery:discover_packages(prefix_path) check parameters
[1.572s] Level 1:colcon.colcon_core.package_discovery:discover_packages(prefix_path) discover
[1.614s] DEBUG:colcon.colcon_installed_package_information.package_discovery:Found 270 installed packages in /opt/ros/humble
[1.615s] Level 1:colcon.colcon_core.package_discovery:discover_packages(prefix_path) using defaults
[1.732s] Level 5:colcon.colcon_core.verb:set package 'uwb_publisher' build argument 'cmake_args' from command line to 'None'
[1.732s] Level 5:colcon.colcon_core.verb:set package 'uwb_publisher' build argument 'cmake_target' from command line to 'None'
[1.732s] Level 5:colcon.colcon_core.verb:set package 'uwb_publisher' build argument 'cmake_target_skip_unavailable' from command line to 'False'
[1.732s] Level 5:colcon.colcon_core.verb:set package 'uwb_publisher' build argument 'cmake_clean_cache' from command line to 'False'
[1.732s] Level 5:colcon.colcon_core.verb:set package 'uwb_publisher' build argument 'cmake_clean_first' from command line to 'False'
[1.732s] Level 5:colcon.colcon_core.verb:set package 'uwb_publisher' build argument 'cmake_force_configure' from command line to 'False'
[1.732s] Level 5:colcon.colcon_core.verb:set package 'uwb_publisher' build argument 'ament_cmake_args' from command line to 'None'
[1.732s] Level 5:colcon.colcon_core.verb:set package 'uwb_publisher' build argument 'catkin_cmake_args' from command line to 'None'
[1.732s] Level 5:colcon.colcon_core.verb:set package 'uwb_publisher' build argument 'catkin_skip_building_tests' from command line to 'False'
[1.732s] DEBUG:colcon.colcon_core.verb:Building package 'uwb_publisher' with the following arguments: {'ament_cmake_args': None, 'build_base': '/home/husnu/projects/uwb_publisher/uwb_publisher/build/uwb_publisher', 'catkin_cmake_args': None, 'catkin_skip_building_tests': False, 'cmake_args': None, 'cmake_clean_cache': False, 'cmake_clean_first': False, 'cmake_force_configure': False, 'cmake_target': None, 'cmake_target_skip_unavailable': False, 'install_base': '/home/husnu/projects/uwb_publisher/uwb_publisher/install/uwb_publisher', 'merge_install': False, 'path': '/home/husnu/projects/uwb_publisher/uwb_publisher', 'symlink_install': False, 'test_result_base': None}
[1.751s] INFO:colcon.colcon_core.executor:Executing jobs using 'parallel' executor
[1.770s] DEBUG:colcon.colcon_parallel_executor.executor.parallel:run_until_complete
[1.770s] INFO:colcon.colcon_ros.task.ament_cmake.build:Building ROS package in '/home/husnu/projects/uwb_publisher/uwb_publisher' with build type 'ament_cmake'
[1.771s] INFO:colcon.colcon_cmake.task.cmake.build:Building CMake package in '/home/husnu/projects/uwb_publisher/uwb_publisher'
[1.792s] INFO:colcon.colcon_core.plugin_system:Skipping extension 'colcon_core.shell.bat': Not used on non-Windows systems
[1.792s] INFO:colcon.colcon_core.shell:Skip shell extension 'powershell' for command environment: Not usable outside of PowerShell
[1.792s] DEBUG:colcon.colcon_core.shell:Skip shell extension 'dsv' for command environment
[1.839s] DEBUG:colcon.colcon_core.event_handler.log_command:Invoking command in '/home/husnu/projects/uwb_publisher/uwb_publisher/build/uwb_publisher': CMAKE_PREFIX_PATH=/opt/ros/humble /usr/bin/cmake /home/husnu/projects/uwb_publisher/uwb_publisher -DCMAKE_INSTALL_PREFIX=/home/husnu/projects/uwb_publisher/uwb_publisher/install/uwb_publisher
[3.148s] DEBUG:colcon.colcon_core.event_handler.log_command:Invoked command in '/home/husnu/projects/uwb_publisher/uwb_publisher/build/uwb_publisher' returned '1': CMAKE_PREFIX_PATH=/opt/ros/humble /usr/bin/cmake /home/husnu/projects/uwb_publisher/uwb_publisher -DCMAKE_INSTALL_PREFIX=/home/husnu/projects/uwb_publisher/uwb_publisher/install/uwb_publisher
[3.160s] Level 1:colcon.colcon_core.environment:create_environment_scripts_only(uwb_publisher)
[3.182s] Level 1:colcon.colcon_core.environment:checking '/home/husnu/projects/uwb_publisher/uwb_publisher/install/uwb_publisher' for CMake module files
[3.182s] Level 1:colcon.colcon_core.environment:checking '/home/husnu/projects/uwb_publisher/uwb_publisher/install/uwb_publisher' for CMake config files
[3.183s] Level 1:colcon.colcon_core.environment:checking '/home/husnu/projects/uwb_publisher/uwb_publisher/install/uwb_publisher/bin'
[3.183s] Level 1:colcon.colcon_core.environment:checking '/home/husnu/projects/uwb_publisher/uwb_publisher/install/uwb_publisher/lib/pkgconfig/uwb_publisher.pc'
[3.183s] Level 1:colcon.colcon_core.environment:checking '/home/husnu/projects/uwb_publisher/uwb_publisher/install/uwb_publisher/lib/python3.10/site-packages'
[3.183s] Level 1:colcon.colcon_core.environment:checking '/home/husnu/projects/uwb_publisher/uwb_publisher/install/uwb_publisher/bin'
[3.203s] INFO:colcon.colcon_core.shell:Creating package script '/home/husnu/projects/uwb_publisher/uwb_publisher/install/uwb_publisher/share/uwb_publisher/package.ps1'
[3.204s] INFO:colcon.colcon_core.shell:Creating package descriptor '/home/husnu/projects/uwb_publisher/uwb_publisher/install/uwb_publisher/share/uwb_publisher/package.dsv'
[3.204s] INFO:colcon.colcon_core.shell:Creating package script '/home/husnu/projects/uwb_publisher/uwb_publisher/install/uwb_publisher/share/uwb_publisher/package.sh'
[3.205s] INFO:colcon.colcon_core.shell:Creating package script '/home/husnu/projects/uwb_publisher/uwb_publisher/install/uwb_publisher/share/uwb_publisher/package.bash'
[3.205s] INFO:colcon.colcon_core.shell:Creating package script '/home/husnu/projects/uwb_publisher/uwb_publisher/install/uwb_publisher/share/uwb_publisher/package.zsh'
[3.206s] Level 1:colcon.colcon_core.environment:create_file_with_runtime_dependencies(/home/husnu/projects/uwb_publisher/uwb_publisher/install/uwb_publisher/share/colcon-core/packages/uwb_publisher)
[3.217s] DEBUG:colcon.colcon_parallel_executor.executor.parallel:closing loop
[3.217s] DEBUG:colcon.colcon_parallel_executor.executor.parallel:loop closed
[3.217s] DEBUG:colcon.colcon_parallel_executor.executor.parallel:run_until_complete finished with '1'
[3.217s] DEBUG:colcon.colcon_core.event_reactor:joining thread
[3.243s] INFO:colcon.colcon_core.plugin_system:Skipping extension 'colcon_notification.desktop_notification.terminal_notifier': Not used on non-Darwin systems
[3.243s] INFO:colcon.colcon_core.plugin_system:Skipping extension 'colcon_notification.desktop_notification.win32': Not used on non-Windows systems
[3.243s] INFO:colcon.colcon_notification.desktop_notification:Sending desktop notification using 'notify2'
[3.255s] DEBUG:colcon.colcon_core.event_reactor:joined thread
[3.273s] INFO:colcon.colcon_core.shell:Creating prefix script '/home/husnu/projects/uwb_publisher/uwb_publisher/install/local_setup.ps1'
[3.274s] INFO:colcon.colcon_core.shell:Creating prefix util module '/home/husnu/projects/uwb_publisher/uwb_publisher/install/_local_setup_util_ps1.py'
[3.275s] INFO:colcon.colcon_core.shell:Creating prefix chain script '/home/husnu/projects/uwb_publisher/uwb_publisher/install/setup.ps1'
[3.293s] INFO:colcon.colcon_core.shell:Creating prefix script '/home/husnu/projects/uwb_publisher/uwb_publisher/install/local_setup.sh'
[3.294s] INFO:colcon.colcon_core.shell:Creating prefix util module '/home/husnu/projects/uwb_publisher/uwb_publisher/install/_local_setup_util_sh.py'
[3.295s] INFO:colcon.colcon_core.shell:Creating prefix chain script '/home/husnu/projects/uwb_publisher/uwb_publisher/install/setup.sh'
[3.313s] INFO:colcon.colcon_core.shell:Creating prefix script '/home/husnu/projects/uwb_publisher/uwb_publisher/install/local_setup.bash'
[3.313s] INFO:colcon.colcon_core.shell:Creating prefix chain script '/home/husnu/projects/uwb_publisher/uwb_publisher/install/setup.bash'
[3.331s] INFO:colcon.colcon_core.shell:Creating prefix script '/home/husnu/projects/uwb_publisher/uwb_publisher/install/local_setup.zsh'
[3.332s] INFO:colcon.colcon_core.shell:Creating prefix chain script '/home/husnu/projects/uwb_publisher/uwb_publisher/install/setup.zsh'
