[0.070s] Invoking command in '/home/husnu/projects/uwb_publisher/uwb_publisher/build/uwb_publisher': CMAKE_PREFIX_PATH=/opt/ros/humble /usr/bin/cmake --build /home/husnu/projects/uwb_publisher/uwb_publisher/build/uwb_publisher -- -j8 -l8
[0.094s] -- Found ament_cmake: 1.3.8 (/opt/ros/humble/share/ament_cmake/cmake)
[0.229s] -- Found rclcpp: 16.0.8 (/opt/ros/humble/share/rclcpp/cmake)
[0.264s] -- Found rosidl_generator_c: 3.1.5 (/opt/ros/humble/share/rosidl_generator_c/cmake)
[0.267s] -- Found rosidl_adapter: 3.1.5 (/opt/ros/humble/share/rosidl_adapter/cmake)
[0.273s] -- Found rosidl_generator_cpp: 3.1.5 (/opt/ros/humble/share/rosidl_generator_cpp/cmake)
[0.286s] -- Using all available rosidl_typesupport_c: rosidl_typesupport_fastrtps_c;rosidl_typesupport_introspection_c
[0.303s] -- Using all available rosidl_typesupport_cpp: rosidl_typesupport_fastrtps_cpp;rosidl_typesupport_introspection_cpp
[0.367s] -- Found rmw_implementation_cmake: 6.1.1 (/opt/ros/humble/share/rmw_implementation_cmake/cmake)
[0.369s] -- Found rmw_fastrtps_cpp: 6.2.6 (/opt/ros/humble/share/rmw_fastrtps_cpp/cmake)
[0.493s] -- Using RMW implementation 'rmw_fastrtps_cpp' as default
[0.665s] [31mCMake Error at /opt/ros/humble/share/ament_cmake_target_dependencies/cmake/ament_target_dependencies.cmake:42 (message):
[0.665s]   ament_target_dependencies() the first argument must be a valid target name
[0.665s] Call Stack (most recent call first):
[0.665s]   CMakeLists.txt:9 (ament_target_dependencies)
[0.666s] 
[0.666s] [0m
[0.666s] -- Configuring incomplete, errors occurred!
[0.666s] See also "/home/husnu/projects/uwb_publisher/uwb_publisher/build/uwb_publisher/CMakeFiles/CMakeOutput.log".
[0.672s] gmake: *** [Makefile:267: cmake_check_build_system] Error 1
[0.674s] Invoked command in '/home/husnu/projects/uwb_publisher/uwb_publisher/build/uwb_publisher' returned '2': CMAKE_PREFIX_PATH=/opt/ros/humble /usr/bin/cmake --build /home/husnu/projects/uwb_publisher/uwb_publisher/build/uwb_publisher -- -j8 -l8
